Started by user Admin
Obtained main.groovy from git https://github.com/JackSpades17/sber_task.git
[Pipeline] Start of Pipeline
[Pipeline] node
Running on Jenkins in /var/lib/jenkins/workspace/job_sber
[Pipeline] {
[Pipeline] stage
[Pipeline] { (Declarative: Checkout SCM)
[Pipeline] checkout
Selected Git installation does not exist. Using Default
The recommended git tool is: NONE
using credential github-token
Cloning the remote Git repository
Cloning repository https://github.com/JackSpades17/sber_task.git
 > git init /var/lib/jenkins/workspace/job_sber # timeout=10
Fetching upstream changes from https://github.com/JackSpades17/sber_task.git
 > git --version # timeout=10
 > git --version # 'git version 2.42.0'
using GIT_ASKPASS to set credentials github-token
 > git fetch --tags --force --progress -- https://github.com/JackSpades17/sber_task.git +refs/heads/*:refs/remotes/origin/* # timeout=10
 > git config remote.origin.url https://github.com/JackSpades17/sber_task.git # timeout=10
 > git config --add remote.origin.fetch +refs/heads/*:refs/remotes/origin/* # timeout=10
Avoid second fetch
 > git rev-parse refs/remotes/origin/master^{commit} # timeout=10
Checking out Revision 1ccc310e1f4e55c06fd7d0120d456cd31355349a (refs/remotes/origin/master)
 > git config core.sparsecheckout # timeout=10
 > git checkout -f 1ccc310e1f4e55c06fd7d0120d456cd31355349a # timeout=10
Commit message: "another"
First time build. Skipping changelog.
[Pipeline] }
[Pipeline] // stage
[Pipeline] withEnv
[Pipeline] {
[Pipeline] stage
[Pipeline] { (start)
[Pipeline] sh
+ ansible-playbook -i hosts task2.yml

PLAY [Download and Start sshd] *************************************************

TASK [Gathering Facts] *********************************************************
ok: [51.250.91.47]

TASK [packs] *******************************************************************
changed: [51.250.91.47]

TASK [Disable Root Login] ******************************************************
changed: [51.250.91.47]

TASK [Enanle Login SSH Keys] ***************************************************
ok: [51.250.91.47]

TASK [Restart SSH] *************************************************************
changed: [51.250.91.47]

PLAY RECAP *********************************************************************
51.250.91.47               : ok=5    changed=3    unreachable=0    failed=0    skipped=0    rescued=0    ignored=0   

[Pipeline] }
[Pipeline] // stage
[Pipeline] }
[Pipeline] // withEnv
[Pipeline] }
[Pipeline] // node
[Pipeline] End of Pipeline
Finished: SUCCESS